C:\USERS\EMALINE-SKYCE\DOCUMENTS\VISUAL STUDIO 2012\PROJECTS\PROJECT\PROJECT\DEBUG\SOURCE.OBJ
C:\USERS\EMALINE-SKYCE\DOCUMENTS\VISUAL STUDIO 2012\PROJECTS\PROJECT\PROJECT\DEBUG\VC110.PDB
C:\USERS\EMALINE-SKYCE\DOCUMENTS\VISUAL STUDIO 2012\PROJECTS\PROJECT\DEBUG\PROJECT.ILK
C:\USERS\EMALINE-SKYCE\DOCUMENTS\VISUAL STUDIO 2012\PROJECTS\PROJECT\DEBUG\PROJECT.EXE
C:\USERS\EMALINE-SKYCE\DOCUMENTS\VISUAL STUDIO 2012\PROJECTS\PROJECT\DEBUG\PROJECT.PDB
C:\Users\EMALINE-SKYCE\documents\visual studio 2012\Projects\Project\Project\Debug\Source.obj
C:\Users\EMALINE-SKYCE\documents\visual studio 2012\Projects\Project\Project\Debug\cl.command.1.tlog
C:\Users\EMALINE-SKYCE\documents\visual studio 2012\Projects\Project\Project\Debug\CL.read.1.tlog
C:\Users\EMALINE-SKYCE\documents\visual studio 2012\Projects\Project\Project\Debug\CL.write.1.tlog
C:\Users\EMALINE-SKYCE\documents\visual studio 2012\Projects\Project\Project\Debug\link-cvtres.read.1.tlog
C:\Users\EMALINE-SKYCE\documents\visual studio 2012\Projects\Project\Project\Debug\link-cvtres.write.1.tlog
C:\Users\EMALINE-SKYCE\documents\visual studio 2012\Projects\Project\Project\Debug\link-rc.read.1.tlog
C:\Users\EMALINE-SKYCE\documents\visual studio 2012\Projects\Project\Project\Debug\link-rc.write.1.tlog
C:\Users\EMALINE-SKYCE\documents\visual studio 2012\Projects\Project\Project\Debug\link.command.1.tlog
C:\Users\EMALINE-SKYCE\documents\visual studio 2012\Projects\Project\Project\Debug\link.read.1.tlog
C:\Users\EMALINE-SKYCE\documents\visual studio 2012\Projects\Project\Project\Debug\link.write.1.tlog
C:\Users\EMALINE-SKYCE\documents\visual studio 2012\Projects\Project\Project\Debug\vc110.idb
C:\Users\EMALINE-SKYCE\documents\visual studio 2012\Projects\Project\Project\Debug\vc110.pdb
C:\Users\EMALINE-SKYCE\documents\visual studio 2012\Projects\Project\Debug\Project.pdb
C:\Users\EMALINE-SKYCE\documents\visual studio 2012\Projects\Project\Debug\Project.exe
C:\Users\EMALINE-SKYCE\documents\visual studio 2012\Projects\Project\Debug\Project.ilk
